
[2024-12-30 18:58:05] Error: Executed query for Warfarin ↔ Acetylsalicylic acid, Found: 1
[2024-12-30 18:58:33] Error: OpenFDA Fetch Failed for Warfarin: Invalid or empty response from OpenFDA.
[2024-12-30 18:58:33] Error: OpenFDA Fetch Failed for Acetylsalicylic acid: cURL Error: URL rejected: Malformed input to a URL function
[2024-12-30 18:59:28] Error: Executed query for Acetaminophen ↔ Ibuprofen, Found: 0
[2024-12-30 18:59:28] Error: No database interactions found for selected drugs: Acetaminophen, Ibuprofen
[2024-12-30 19:00:08] Error: Executed query for Acetaminophen ↔ Acetylsalicylic acid, Found: 0
[2024-12-30 19:00:08] Error: No database interactions found for selected drugs: Acetaminophen, Acetylsalicylic acid
[2024-12-30 19:00:11] Error: OpenFDA Fetch Failed for Acetylsalicylic acid: cURL Error: URL rejected: Malformed input to a URL function
[2024-12-30 19:00:25] Error: Executed query for Acetylsalicylic acid ↔ Ibuprofen, Found: 1
[2024-12-30 19:00:25] Error: OpenFDA Fetch Failed for Acetylsalicylic acid: cURL Error: URL rejected: Malformed input to a URL function
[2024-12-30 19:45:09] Error: Executed query for Acetylsalicylic acid ↔ Warfarin, Found: 1
[2024-12-30 19:45:10] Error: OpenFDA Fetch Failed for Acetylsalicylic acid: cURL Error: URL rejected: Malformed input to a URL function
[2024-12-30 19:45:24] Error: OpenFDA Fetch Failed for Warfarin: Invalid or empty response from OpenFDA.
[2024-12-30 19:45:50] Error: Executed query for Acetylsalicylic acid ↔ Warfarin, Found: 1
[2024-12-30 19:45:54] Error: Executed query for Acetylsalicylic acid ↔ Ibuprofen, Found: 1
[2024-12-30 19:45:55] Error: Executed query for Warfarin ↔ Ibuprofen, Found: 1
[2024-12-30 19:45:57] Error: OpenFDA Fetch Failed for Acetylsalicylic acid: cURL Error: URL rejected: Malformed input to a URL function
[2024-12-30 19:46:02] Error: OpenFDA Fetch Failed for Warfarin: Invalid or empty response from OpenFDA.
[2024-12-30 20:03:13] Error: Executed query for Acetylsalicylic acid ↔ Warfarin, Found: 1
[2024-12-30 20:03:15] Error: Executed query for Acetylsalicylic acid ↔ Ibuprofen, Found: 1
[2024-12-30 20:03:15] Error: Executed query for Warfarin ↔ Ibuprofen, Found: 1
[2024-12-30 20:03:17] Error: OpenFDA Fetch Failed for Acetylsalicylic acid: cURL Error: URL rejected: Malformed input to a URL function
[2024-12-30 20:03:48] Error: OpenFDA Fetch Failed for Warfarin: cURL Error: Connection timed out after 30014 milliseconds
[2024-12-30 20:04:18] Error: OpenFDA Fetch Failed for Ibuprofen: cURL Error: Connection timed out after 30015 milliseconds
[2024-12-30 20:26:27] Error: Executed query for Metformin ↔ Glimepiride, Found: 1
[2024-12-30 20:26:28] Error: Executed query for Metformin ↔ Celecoxib, Found: 0
[2024-12-30 20:26:28] Error: Executed query for Metformin ↔ Ciprofloxacin, Found: 0
[2024-12-30 20:26:28] Error: Executed query for Glimepiride ↔ Celecoxib, Found: 0
[2024-12-30 20:26:28] Error: Executed query for Glimepiride ↔ Ciprofloxacin, Found: 0
[2024-12-30 20:26:28] Error: Executed query for Celecoxib ↔ Ciprofloxacin, Found: 0
[2024-12-30 20:26:40] Error: OpenFDA Fetch Failed for Metformin: Invalid or empty response from OpenFDA.
[2024-12-30 20:26:42] Error: OpenFDA Fetch Failed for Glimepiride: Invalid or empty response from OpenFDA.
[2024-12-30 20:26:44] Error: OpenFDA Fetch Failed for Celecoxib: Invalid or empty response from OpenFDA.
[2024-12-30 20:26:46] Error: OpenFDA Fetch Failed for Ciprofloxacin: Invalid or empty response from OpenFDA.
[2024-12-30 22:14:01] Error: Executed query for Salbutamol ↔ Diphenhydramine, Found: 0
[2024-12-30 22:14:01] Error: Executed query for Salbutamol ↔ Omeprazole, Found: 0
[2024-12-30 22:14:01] Error: Executed query for Diphenhydramine ↔ Omeprazole, Found: 1
[2024-12-30 22:14:07] Error: OpenFDA Fetch Failed for Salbutamol: Invalid or empty response from OpenFDA.
[2024-12-30 22:14:26] Error: Executed query for Salbutamol ↔ Diphenhydramine, Found: 0
[2024-12-30 22:14:26] Error: Executed query for Salbutamol ↔ Omeprazole, Found: 0
[2024-12-30 22:14:26] Error: Executed query for Salbutamol ↔ Ibuprofen, Found: 0
[2024-12-30 22:14:27] Error: Executed query for Diphenhydramine ↔ Omeprazole, Found: 1
[2024-12-30 22:14:27] Error: Executed query for Diphenhydramine ↔ Ibuprofen, Found: 0
[2024-12-30 22:14:27] Error: Executed query for Omeprazole ↔ Ibuprofen, Found: 1
[2024-12-30 22:14:28] Error: OpenFDA Fetch Failed for Salbutamol: Invalid or empty response from OpenFDA.
[2024-12-30 22:14:57] Error: Executed query for Diphenhydramine ↔ Ibuprofen, Found: 0
[2024-12-30 22:14:57] Error: Executed query for Diphenhydramine ↔ Warfarin, Found: 0
[2024-12-30 22:14:58] Error: Executed query for Diphenhydramine ↔ Acetylsalicylic acid, Found: 0
[2024-12-30 22:14:58] Error: Executed query for Ibuprofen ↔ Warfarin, Found: 1
[2024-12-30 22:14:58] Error: Executed query for Ibuprofen ↔ Acetylsalicylic acid, Found: 1
[2024-12-30 22:14:58] Error: Executed query for Warfarin ↔ Acetylsalicylic acid, Found: 1
[2024-12-30 22:15:34] Error: OpenFDA Fetch Failed for Warfarin: Invalid or empty response from OpenFDA.
[2024-12-30 22:15:34] Error: OpenFDA Fetch Failed for Acetylsalicylic acid: cURL Error: URL rejected: Malformed input to a URL function
[2024-12-30 22:16:56] Error: Executed query for Diphenhydramine ↔ Ibuprofen, Found: 0
[2024-12-30 22:16:56] Error: Executed query for Diphenhydramine ↔ Warfarin, Found: 0
[2024-12-30 22:16:56] Error: Executed query for Diphenhydramine ↔ Acetylsalicylic acid, Found: 0
[2024-12-30 22:16:56] Error: Executed query for Ibuprofen ↔ Warfarin, Found: 1
[2024-12-30 22:16:56] Error: Executed query for Ibuprofen ↔ Acetylsalicylic acid, Found: 1
[2024-12-30 22:16:56] Error: Executed query for Warfarin ↔ Acetylsalicylic acid, Found: 1
[2024-12-30 22:17:26] Error: OpenFDA Fetch Failed for Diphenhydramine: cURL Error: Connection timed out after 30010 milliseconds
[2024-12-30 22:17:47] Error: OpenFDA Fetch Failed for Warfarin: Invalid or empty response from OpenFDA.
[2024-12-30 22:17:47] Error: OpenFDA Fetch Failed for Acetylsalicylic acid: cURL Error: URL rejected: Malformed input to a URL function
[2024-12-30 22:22:24] Error: Executed query for Warfarin ↔ Acetylsalicylic acid, Found: 1
[2024-12-30 22:22:27] Error: OpenFDA Fetch Failed for Warfarin: Invalid or empty response from OpenFDA.
[2024-12-30 22:22:27] Error: OpenFDA Fetch Failed for Acetylsalicylic acid: cURL Error: URL rejected: Malformed input to a URL function
[2024-12-30 22:22:49] Error: Executed query for Warfarin ↔ Acetylsalicylic acid, Found: 1
[2024-12-30 22:22:52] Error: OpenFDA Fetch Failed for Warfarin: Invalid or empty response from OpenFDA.
[2024-12-30 22:22:52] Error: OpenFDA Fetch Failed for Acetylsalicylic acid: cURL Error: URL rejected: Malformed input to a URL function
[2024-12-30 22:23:24] Error: Executed query for Warfarin ↔ Acetylsalicylic acid, Found: 1
[2024-12-30 22:23:26] Error: OpenFDA Fetch Failed for Warfarin: Invalid or empty response from OpenFDA.
[2024-12-30 22:23:26] Error: OpenFDA Fetch Failed for Acetylsalicylic acid: cURL Error: URL rejected: Malformed input to a URL function
[2024-12-30 22:24:21] Error: Executed query for Warfarin ↔ Acetylsalicylic acid, Found: 1
[2024-12-30 22:24:24] Error: OpenFDA Fetch Failed for Warfarin: Invalid or empty response from OpenFDA.
[2024-12-30 22:24:24] Error: OpenFDA Fetch Failed for Acetylsalicylic acid: cURL Error: URL rejected: Malformed input to a URL function
[2024-12-30 22:25:00] Error: Executed query for Warfarin ↔ Acetaminophen, Found: 1
[2024-12-30 22:25:02] Error: OpenFDA Fetch Failed for Warfarin: Invalid or empty response from OpenFDA.
[2024-12-30 22:25:51] Error: Executed query for Warfarin ↔ Acetaminophen, Found: 1
[2024-12-30 22:25:51] Error: Executed query for Warfarin ↔ Acetazolamide, Found: 0
[2024-12-30 22:25:51] Error: Executed query for Acetaminophen ↔ Acetazolamide, Found: 0
[2024-12-30 22:25:53] Error: OpenFDA Fetch Failed for Warfarin: Invalid or empty response from OpenFDA.
[2024-12-30 22:25:57] Error: OpenFDA Fetch Failed for Acetazolamide: Invalid or empty response from OpenFDA.
[2024-12-30 22:26:06] Error: Executed query for Warfarin ↔ Acetaminophen, Found: 1
[2024-12-30 22:26:07] Error: Executed query for Warfarin ↔ Acetazolamide, Found: 0
[2024-12-30 22:26:07] Error: Executed query for Warfarin ↔ Acetylsalicylic acid, Found: 1
[2024-12-30 22:26:07] Error: Executed query for Acetaminophen ↔ Acetazolamide, Found: 0
[2024-12-30 22:26:07] Error: Executed query for Acetaminophen ↔ Acetylsalicylic acid, Found: 0
[2024-12-30 22:26:07] Error: Executed query for Acetazolamide ↔ Acetylsalicylic acid, Found: 1
[2024-12-30 22:26:27] Error: OpenFDA Fetch Failed for Warfarin: Invalid or empty response from OpenFDA.
[2024-12-30 22:26:30] Error: OpenFDA Fetch Failed for Acetazolamide: Invalid or empty response from OpenFDA.
[2024-12-30 22:26:30] Error: OpenFDA Fetch Failed for Acetylsalicylic acid: cURL Error: URL rejected: Malformed input to a URL function
[2024-12-30 22:53:10] Error: Executed query for Warfarin ↔ Acetaminophen, Found: 1
[2024-12-30 22:53:10] Error: Executed query for Warfarin ↔ Acetazolamide, Found: 0
[2024-12-30 22:53:10] Error: Executed query for Warfarin ↔ Acetylsalicylic acid, Found: 1
[2024-12-30 22:53:10] Error: Executed query for Warfarin ↔ Ibuprofen, Found: 1
[2024-12-30 22:53:10] Error: Executed query for Acetaminophen ↔ Acetazolamide, Found: 0
[2024-12-30 22:53:10] Error: Executed query for Acetaminophen ↔ Acetylsalicylic acid, Found: 0
[2024-12-30 22:53:10] Error: Executed query for Acetaminophen ↔ Ibuprofen, Found: 0
[2024-12-30 22:53:10] Error: Executed query for Acetazolamide ↔ Acetylsalicylic acid, Found: 1
[2024-12-30 22:53:10] Error: Executed query for Acetazolamide ↔ Ibuprofen, Found: 0
[2024-12-30 22:53:10] Error: Executed query for Acetylsalicylic acid ↔ Ibuprofen, Found: 1
[2024-12-30 22:53:27] Error: OpenFDA Fetch Failed for Warfarin: Invalid or empty response from OpenFDA.
[2024-12-30 22:53:34] Error: OpenFDA Fetch Failed for Acetazolamide: Invalid or empty response from OpenFDA.
[2024-12-30 22:53:34] Error: OpenFDA Fetch Failed for Acetylsalicylic acid: cURL Error: URL rejected: Malformed input to a URL function
[2024-12-30 22:58:03] Error: Executed query for Warfarin ↔ Acetaminophen, Found: 1
[2024-12-30 22:58:03] Error: Executed query for Warfarin ↔ Acetazolamide, Found: 0
[2024-12-30 22:58:03] Error: Executed query for Warfarin ↔ Acetylsalicylic acid, Found: 1
[2024-12-30 22:58:03] Error: Executed query for Warfarin ↔ Ibuprofen, Found: 1
[2024-12-30 22:58:03] Error: Executed query for Acetaminophen ↔ Acetazolamide, Found: 0
[2024-12-30 22:58:03] Error: Executed query for Acetaminophen ↔ Acetylsalicylic acid, Found: 0
[2024-12-30 22:58:03] Error: Executed query for Acetaminophen ↔ Ibuprofen, Found: 0
[2024-12-30 22:58:03] Error: Executed query for Acetazolamide ↔ Acetylsalicylic acid, Found: 1
[2024-12-30 22:58:03] Error: Executed query for Acetazolamide ↔ Ibuprofen, Found: 0
[2024-12-30 22:58:03] Error: Executed query for Acetylsalicylic acid ↔ Ibuprofen, Found: 1
[2024-12-30 22:58:20] Error: OpenFDA Fetch Failed for Warfarin: Invalid or empty response from OpenFDA.
[2024-12-30 22:58:25] Error: OpenFDA Fetch Failed for Acetazolamide: Invalid or empty response from OpenFDA.
[2024-12-30 22:58:25] Error: OpenFDA Fetch Failed for Acetylsalicylic acid: cURL Error: URL rejected: Malformed input to a URL function
[2024-12-30 23:00:04] Error: Executed query for Acetazolamide ↔ Metaxalone, Found: 0
[2024-12-30 23:00:04] Error: Executed query for Acetazolamide ↔ Betamethasone, Found: 0
[2024-12-30 23:00:04] Error: Executed query for Acetazolamide ↔ Butabarbital, Found: 0
[2024-12-30 23:00:04] Error: Executed query for Acetazolamide ↔ Phenobarbital, Found: 0
[2024-12-30 23:00:04] Error: Executed query for Metaxalone ↔ Betamethasone, Found: 0
[2024-12-30 23:00:04] Error: Executed query for Metaxalone ↔ Butabarbital, Found: 1
[2024-12-30 23:00:05] Error: Executed query for Metaxalone ↔ Phenobarbital, Found: 1
[2024-12-30 23:00:05] Error: Executed query for Betamethasone ↔ Butabarbital, Found: 0
[2024-12-30 23:00:05] Error: Executed query for Betamethasone ↔ Phenobarbital, Found: 1
[2024-12-30 23:00:05] Error: Executed query for Butabarbital ↔ Phenobarbital, Found: 1
[2024-12-30 23:00:07] Error: OpenFDA Fetch Failed for Acetazolamide: Invalid or empty response from OpenFDA.
[2024-12-30 23:00:08] Error: OpenFDA Fetch Failed for Metaxalone: Invalid or empty response from OpenFDA.
[2024-12-30 23:00:11] Error: OpenFDA Fetch Failed for Butabarbital: Invalid or empty response from OpenFDA.
[2024-12-30 23:00:13] Error: OpenFDA Fetch Failed for Phenobarbital: Invalid or empty response from OpenFDA.
[2024-12-30 23:00:51] Error: Executed query for Acetazolamide ↔ Metaxalone, Found: 0
[2024-12-30 23:00:51] Error: Executed query for Acetazolamide ↔ Betamethasone, Found: 0
[2024-12-30 23:00:51] Error: Executed query for Acetazolamide ↔ Butabarbital, Found: 0
[2024-12-30 23:00:51] Error: Executed query for Acetazolamide ↔ Phenobarbital, Found: 0
[2024-12-30 23:00:51] Error: Executed query for Metaxalone ↔ Betamethasone, Found: 0
[2024-12-30 23:00:51] Error: Executed query for Metaxalone ↔ Butabarbital, Found: 1
[2024-12-30 23:00:51] Error: Executed query for Metaxalone ↔ Phenobarbital, Found: 1
[2024-12-30 23:00:51] Error: Executed query for Betamethasone ↔ Butabarbital, Found: 0
[2024-12-30 23:00:51] Error: Executed query for Betamethasone ↔ Phenobarbital, Found: 1
[2024-12-30 23:00:51] Error: Executed query for Butabarbital ↔ Phenobarbital, Found: 1
[2024-12-30 23:00:55] Error: OpenFDA Fetch Failed for Acetazolamide: Invalid or empty response from OpenFDA.
[2024-12-30 23:00:56] Error: OpenFDA Fetch Failed for Metaxalone: Invalid or empty response from OpenFDA.
[2024-12-30 23:00:59] Error: OpenFDA Fetch Failed for Butabarbital: Invalid or empty response from OpenFDA.
[2024-12-30 23:01:00] Error: OpenFDA Fetch Failed for Phenobarbital: Invalid or empty response from OpenFDA.
